{"/home/v0000dy/frontend-project-46/src/index.js": {"path":"/home/v0000dy/frontend-project-46/src/index.js","statementMap":{"0":{"start":{"line":5,"column":19},"end":{"line":35,"column":1}},"1":{"start":{"line":6,"column":30},"end":{"line":6,"column":53}},"2":{"start":{"line":7,"column":30},"end":{"line":7,"column":53}},"3":{"start":{"line":8,"column":20},"end":{"line":8,"column":68}},"4":{"start":{"line":9,"column":20},"end":{"line":9,"column":68}},"5":{"start":{"line":10,"column":20},"end":{"line":10,"column":42}},"6":{"start":{"line":11,"column":20},"end":{"line":11,"column":42}},"7":{"start":{"line":12,"column":27},"end":{"line":12,"column":63}},"8":{"start":{"line":13,"column":17},"end":{"line":13,"column":22}},"9":{"start":{"line":15,"column":2},"end":{"line":31,"column":5}},"10":{"start":{"line":16,"column":23},"end":{"line":16,"column":44}},"11":{"start":{"line":17,"column":23},"end":{"line":17,"column":44}},"12":{"start":{"line":18,"column":24},"end":{"line":18,"column":45}},"13":{"start":{"line":19,"column":24},"end":{"line":19,"column":45}},"14":{"start":{"line":21,"column":4},"end":{"line":30,"column":5}},"15":{"start":{"line":22,"column":6},"end":{"line":22,"column":45}},"16":{"start":{"line":23,"column":11},"end":{"line":30,"column":5}},"17":{"start":{"line":24,"column":6},"end":{"line":24,"column":45}},"18":{"start":{"line":25,"column":6},"end":{"line":25,"column":45}},"19":{"start":{"line":26,"column":11},"end":{"line":30,"column":5}},"20":{"start":{"line":27,"column":6},"end":{"line":27,"column":45}},"21":{"start":{"line":28,"column":11},"end":{"line":30,"column":5}},"22":{"start":{"line":29,"column":6},"end":{"line":29,"column":45}},"23":{"start":{"line":33,"column":2},"end":{"line":33,"column":19}},"24":{"start":{"line":34,"column":2},"end":{"line":34,"column":27}}},"fnMap":{"0":{"name":"(anonymous_0)","decl":{"start":{"line":5,"column":19},"end":{"line":5,"column":20}},"loc":{"start":{"line":5,"column":45},"end":{"line":35,"column":1}},"line":5},"1":{"name":"(anonymous_1)","decl":{"start":{"line":15,"column":27},"end":{"line":15,"column":28}},"loc":{"start":{"line":15,"column":36},"end":{"line":31,"column":3}},"line":15}},"branchMap":{"0":{"loc":{"start":{"line":21,"column":4},"end":{"line":30,"column":5}},"type":"if","locations":[{"start":{"line":21,"column":4},"end":{"line":30,"column":5}},{"start":{"line":23,"column":11},"end":{"line":30,"column":5}}],"line":21},"1":{"loc":{"start":{"line":23,"column":11},"end":{"line":30,"column":5}},"type":"if","locations":[{"start":{"line":23,"column":11},"end":{"line":30,"column":5}},{"start":{"line":26,"column":11},"end":{"line":30,"column":5}}],"line":23},"2":{"loc":{"start":{"line":23,"column":15},"end":{"line":23,"column":41}},"type":"binary-expr","locations":[{"start":{"line":23,"column":15},"end":{"line":23,"column":26}},{"start":{"line":23,"column":30},"end":{"line":23,"column":41}}],"line":23},"3":{"loc":{"start":{"line":26,"column":11},"end":{"line":30,"column":5}},"type":"if","locations":[{"start":{"line":26,"column":11},"end":{"line":30,"column":5}},{"start":{"line":28,"column":11},"end":{"line":30,"column":5}}],"line":26},"4":{"loc":{"start":{"line":28,"column":11},"end":{"line":30,"column":5}},"type":"if","locations":[{"start":{"line":28,"column":11},"end":{"line":30,"column":5}},{"start":{},"end":{}}],"line":28}},"s":{"0":1,"1":5,"2":5,"3":5,"4":5,"5":5,"6":5,"7":5,"8":5,"9":5,"10":18,"11":18,"12":18,"13":18,"14":18,"15":2,"16":16,"17":2,"18":2,"19":14,"20":7,"21":7,"22":7,"23":5,"24":5},"f":{"0":5,"1":18},"b":{"0":[2,16],"1":[2,14],"2":[16,9],"3":[7,7],"4":[7,0]},"_coverageSchema":"1a1c01bbd47fc00a2c39e90264f33305004495a9","hash":"9e75fe9a907418570c2503b613b0bb1f5395f323"}
}
